c:\tfs\nnfire\nnfire\x64\debug\nnfire.pdb
c:\tfs\nnfire\nnfire\x64\debug\nnfire.idb
c:\tfs\nnfire\nnfire\x64\debug\zeros.obj
c:\tfs\nnfire\nnfire\x64\debug\variancescaling.obj
c:\tfs\nnfire\nnfire\x64\debug\unitnorm.obj
c:\tfs\nnfire\nnfire\x64\debug\randomuniform.obj
c:\tfs\nnfire\nnfire\x64\debug\randomnormal.obj
c:\tfs\nnfire\nnfire\x64\debug\ones.obj
c:\tfs\nnfire\nnfire\x64\debug\nonneg.obj
c:\tfs\nnfire\nnfire\x64\debug\minmaxnorm.obj
c:\tfs\nnfire\nnfire\x64\debug\maxnorm.obj
c:\tfs\nnfire\nnfire\x64\debug\lecununiform.obj
c:\tfs\nnfire\nnfire\x64\debug\lecunnormal.obj
c:\tfs\nnfire\nnfire\x64\debug\heuniform.obj
c:\tfs\nnfire\nnfire\x64\debug\henormal.obj
c:\tfs\nnfire\nnfire\x64\debug\glorotuniform.obj
c:\tfs\nnfire\nnfire\x64\debug\glorotnormal.obj
c:\tfs\nnfire\nnfire\x64\debug\global.obj
c:\tfs\nnfire\nnfire\x64\debug\constant.obj
c:\tfs\nnfire\nnfire\x64\debug\baseinitializer.obj
c:\tfs\nnfire\nnfire\x64\debug\baseconstraint.obj
c:\tfs\nnfire\x64\build\nnfire.lib
c:\tfs\nnfire\x64\build\nnfire.pdb
c:\tfs\nnfire\nnfire\x64\debug\nnfire.tlog\cl.command.1.tlog
c:\tfs\nnfire\nnfire\x64\debug\nnfire.tlog\cl.read.1.tlog
c:\tfs\nnfire\nnfire\x64\debug\nnfire.tlog\cl.write.1.tlog
c:\tfs\nnfire\nnfire\x64\debug\nnfire.tlog\lib-link.read.1.tlog
c:\tfs\nnfire\nnfire\x64\debug\nnfire.tlog\lib-link.write.1.tlog
c:\tfs\nnfire\nnfire\x64\debug\nnfire.tlog\lib.command.1.tlog
